<?xml version="1.0" encoding="UTF-8"?>
<testsuite name="MainKtTest" tests="8" skipped="0" failures="0" errors="0" timestamp="2022-05-15T19:56:02" hostname="DESKTOP-5F3KABF" time="0.046">
  <properties/>
  <testcase name="should_returnMinus1_whenWrongListGiven()" classname="MainKtTest" time="0.037"/>
  <testcase name="should_returnMinus1_whenEmptyListGiven()" classname="MainKtTest" time="0.002"/>
  <testcase name="should_returnMinus1_whenListContainWrongItem()" classname="MainKtTest" time="0.0"/>
  <testcase name="should_returnPercentageOfA_whenAComeInTheEndOfTheList()" classname="MainKtTest" time="0.001"/>
  <testcase name="should_returnMinus1_whenNumberInList()" classname="MainKtTest" time="0.0"/>
  <testcase name="should_returnPercentageOfA_whenCorrectListGiven()" classname="MainKtTest" time="0.0"/>
  <testcase name="should_return0_whenNoAInList()" classname="MainKtTest" time="0.0"/>
  <testcase name="should_returnMinus1_whenMoreThanOneCharacterInOneItem()" classname="MainKtTest" time="0.0"/>
  <system-out><![CDATA[]]></system-out>
  <system-err><![CDATA[]]></system-err>
</testsuite>
